# JRE version: OpenJDK Runtime Environment (17.0.9) (build 17.0.9+0--11185874)
# Java VM: OpenJDK 64-Bit Server VM (17.0.9+0--11185874, mixed mode, tiered, compressed oops, compressed class ptrs, g1 gc, windows-amd64)
GC Precious Log:
 CPUs: 8 total, 8 available
 Memory: 16016M
 Large Page Support: Disabled
 NUMA Support: Disabled
 Compressed Oops: Enabled (32-bit)
 Heap Region Size: 1M
 Heap Min Capacity: 8M
 Heap Initial Capacity: 252M
 Heap Max Capacity: 2G
 Pre-touch: Disabled
 Parallel Workers: 8
 Concurrent Workers: 2
 Concurrent Refinement Workers: 8
 Periodic GC: Disabled
Heap:
 garbage-first heap   total 322560K, used 185455K [0x0000000080000000, 0x0000000100000000)
  region size 1024K, 24 young (24576K), 5 survivors (5120K)
 Metaspace       used 125432K, committed 126336K, reserved 1179648K
  class space    used 17352K, committed 17792K, reserved 1048576K
GC Heap History (20 events):
Event: 44.121 GC heap before
{Heap before GC invocations=58 (full 0):
 garbage-first heap   total 268288K, used 228558K [0x0000000080000000, 0x0000000100000000)
  region size 1024K, 65 young (66560K), 2 survivors (2048K)
 Metaspace       used 125075K, committed 126016K, reserved 1179648K
  class space    used 17320K, committed 17792K, reserved 1048576K
}
Event: 44.131 GC heap after
{Heap after GC invocations=59 (full 0):
 garbage-first heap   total 268288K, used 164133K [0x0000000080000000, 0x0000000100000000)
  region size 1024K, 2 young (2048K), 2 survivors (2048K)
 Metaspace       used 125075K, committed 126016K, reserved 1179648K
  class space    used 17320K, committed 17792K, reserved 1048576K
}
Event: 44.702 GC heap before
{Heap before GC invocations=59 (full 0):
 garbage-first heap   total 268288K, used 230693K [0x0000000080000000, 0x0000000100000000)
  region size 1024K, 67 young (68608K), 2 survivors (2048K)
 Metaspace       used 125139K, committed 126080K, reserved 1179648K
  class space    used 17326K, committed 17792K, reserved 1048576K
}
Event: 44.709 GC heap after
{Heap after GC invocations=60 (full 0):
 garbage-first heap   total 268288K, used 164436K [0x0000000080000000, 0x0000000100000000)
  region size 1024K, 3 young (3072K), 3 survivors (3072K)
 Metaspace       used 125139K, committed 126080K, reserved 1179648K
  class space    used 17326K, committed 17792K, reserved 1048576K
}
Event: 45.138 GC heap before
{Heap before GC invocations=60 (full 0):
 garbage-first heap   total 268288K, used 229972K [0x0000000080000000, 0x0000000100000000)
  region size 1024K, 68 young (69632K), 3 survivors (3072K)
 Metaspace       used 125194K, committed 126144K, reserved 1179648K
  class space    used 17330K, committed 17792K, reserved 1048576K
}
Event: 45.146 GC heap after
{Heap after GC invocations=61 (full 0):
 garbage-first heap   total 268288K, used 164678K [0x0000000080000000, 0x0000000100000000)
  region size 1024K, 3 young (3072K), 3 survivors (3072K)
 Metaspace       used 125194K, committed 126144K, reserved 1179648K
  class space    used 17330K, committed 17792K, reserved 1048576K
}
Event: 45.628 GC heap before
{Heap before GC invocations=61 (full 0):
 garbage-first heap   total 268288K, used 233286K [0x0000000080000000, 0x0000000100000000)
  region size 1024K, 70 young (71680K), 3 survivors (3072K)
 Metaspace       used 125262K, committed 126144K, reserved 1179648K
  class space    used 17340K, committed 17792K, reserved 1048576K
}
Event: 45.638 GC heap after
{Heap after GC invocations=62 (full 0):
 garbage-first heap   total 268288K, used 165029K [0x0000000080000000, 0x0000000100000000)
  region size 1024K, 3 young (3072K), 3 survivors (3072K)
 Metaspace       used 125262K, committed 126144K, reserved 1179648K
  class space    used 17340K, committed 17792K, reserved 1048576K
}
Event: 46.151 GC heap before
{Heap before GC invocations=62 (full 0):
 garbage-first heap   total 268288K, used 234661K [0x0000000080000000, 0x0000000100000000)
  region size 1024K, 71 young (72704K), 3 survivors (3072K)
 Metaspace       used 125293K, committed 126208K, reserved 1179648K
  class space    used 17342K, committed 17792K, reserved 1048576K
}
Event: 46.163 GC heap after
{Heap after GC invocations=63 (full 0):
 garbage-first heap   total 268288K, used 165639K [0x0000000080000000, 0x0000000100000000)
  region size 1024K, 4 young (4096K), 4 survivors (4096K)
 Metaspace       used 125293K, committed 126208K, reserved 1179648K
  class space    used 17342K, committed 17792K, reserved 1048576K
}
Event: 46.765 GC heap before
{Heap before GC invocations=63 (full 0):
 garbage-first heap   total 268288K, used 234247K [0x0000000080000000, 0x0000000100000000)
  region size 1024K, 71 young (72704K), 4 survivors (4096K)
 Metaspace       used 125308K, committed 126208K, reserved 1179648K
  class space    used 17342K, committed 17792K, reserved 1048576K
}
Event: 46.774 GC heap after
{Heap after GC invocations=64 (full 0):
 garbage-first heap   total 268288K, used 165847K [0x0000000080000000, 0x0000000100000000)
  region size 1024K, 4 young (4096K), 4 survivors (4096K)
 Metaspace       used 125308K, committed 126208K, reserved 1179648K
  class space    used 17342K, committed 17792K, reserved 1048576K
}
Event: 47.365 GC heap before
{Heap before GC invocations=64 (full 0):
 garbage-first heap   total 268288K, used 235479K [0x0000000080000000, 0x0000000100000000)
  region size 1024K, 72 young (73728K), 4 survivors (4096K)
 Metaspace       used 125344K, committed 126272K, reserved 1179648K
  class space    used 17346K, committed 17792K, reserved 1048576K
}
Event: 47.378 GC heap after
{Heap after GC invocations=65 (full 0):
 garbage-first heap   total 268288K, used 166136K [0x0000000080000000, 0x0000000100000000)
  region size 1024K, 4 young (4096K), 4 survivors (4096K)
 Metaspace       used 125344K, committed 126272K, reserved 1179648K
  class space    used 17346K, committed 17792K, reserved 1048576K
}
Event: 47.736 GC heap before
{Heap before GC invocations=65 (full 0):
 garbage-first heap   total 268288K, used 235768K [0x0000000080000000, 0x0000000100000000)
  region size 1024K, 72 young (73728K), 4 survivors (4096K)
 Metaspace       used 125359K, committed 126272K, reserved 1179648K
  class space    used 17347K, committed 17792K, reserved 1048576K
}
Event: 47.750 GC heap after
{Heap after GC invocations=66 (full 0):
 garbage-first heap   total 268288K, used 166539K [0x0000000080000000, 0x0000000100000000)
  region size 1024K, 5 young (5120K), 5 survivors (5120K)
 Metaspace       used 125359K, committed 126272K, reserved 1179648K
  class space    used 17347K, committed 17792K, reserved 1048576K
}
Event: 48.113 GC heap before
{Heap before GC invocations=66 (full 0):
 garbage-first heap   total 268288K, used 234123K [0x0000000080000000, 0x0000000100000000)
  region size 1024K, 71 young (72704K), 5 survivors (5120K)
 Metaspace       used 125390K, committed 126272K, reserved 1179648K
  class space    used 17351K, committed 17792K, reserved 1048576K
}
Event: 48.126 GC heap after
{Heap after GC invocations=67 (full 0):
 garbage-first heap   total 268288K, used 166957K [0x0000000080000000, 0x0000000100000000)
  region size 1024K, 5 young (5120K), 5 survivors (5120K)
 Metaspace       used 125390K, committed 126272K, reserved 1179648K
  class space    used 17351K, committed 17792K, reserved 1048576K
}
Event: 48.589 GC heap before
{Heap before GC invocations=67 (full 0):
 garbage-first heap   total 268288K, used 234541K [0x0000000080000000, 0x0000000100000000)
  region size 1024K, 71 young (72704K), 5 survivors (5120K)
 Metaspace       used 125432K, committed 126336K, reserved 1179648K
  class space    used 17352K, committed 17792K, reserved 1048576K
}
Event: 48.604 GC heap after
{Heap after GC invocations=68 (full 0):
 garbage-first heap   total 322560K, used 167023K [0x0000000080000000, 0x0000000100000000)
  region size 1024K, 5 young (5120K), 5 survivors (5120K)
 Metaspace       used 125432K, committed 126336K, reserved 1179648K
  class space    used 17352K, committed 17792K, reserved 1048576K
}

