# JRE version: OpenJDK Runtime Environment (17.0.9) (build 17.0.9+0--11185874)
# Java VM: OpenJDK 64-Bit Server VM (17.0.9+0--11185874, mixed mode, tiered, compressed oops, compressed class ptrs, g1 gc, windows-amd64)
GC Precious Log:
 CPUs: 8 total, 8 available
 Memory: 16016M
 Large Page Support: Disabled
 NUMA Support: Disabled
 Compressed Oops: Enabled (32-bit)
 Heap Region Size: 1M
 Heap Min Capacity: 8M
 Heap Initial Capacity: 252M
 Heap Max Capacity: 2G
 Pre-touch: Disabled
 Parallel Workers: 8
 Concurrent Workers: 2
 Concurrent Refinement Workers: 8
 Periodic GC: Disabled
Heap:
 garbage-first heap   total 393216K, used 275553K [0x0000000080000000, 0x0000000100000000)
  region size 1024K, 93 young (95232K), 12 survivors (12288K)
 Metaspace       used 151433K, committed 152192K, reserved 1245184K
  class space    used 19419K, committed 19776K, reserved 1048576K
GC Heap History (20 events):
Event: 36.306 GC heap before
{Heap before GC invocations=67 (full 0):
 garbage-first heap   total 393216K, used 343837K [0x0000000080000000, 0x0000000100000000)
  region size 1024K, 209 young (214016K), 6 survivors (6144K)
 Metaspace       used 131224K, committed 131968K, reserved 1179648K
  class space    used 16859K, committed 17216K, reserved 1048576K
}
Event: 36.313 GC heap after
{Heap after GC invocations=68 (full 0):
 garbage-first heap   total 393216K, used 137418K [0x0000000080000000, 0x0000000100000000)
  region size 1024K, 8 young (8192K), 8 survivors (8192K)
 Metaspace       used 131224K, committed 131968K, reserved 1179648K
  class space    used 16859K, committed 17216K, reserved 1048576K
}
Event: 37.124 GC heap before
{Heap before GC invocations=68 (full 0):
 garbage-first heap   total 393216K, used 343242K [0x0000000080000000, 0x0000000100000000)
  region size 1024K, 209 young (214016K), 8 survivors (8192K)
 Metaspace       used 131225K, committed 131968K, reserved 1179648K
  class space    used 16860K, committed 17216K, reserved 1048576K
}
Event: 37.130 GC heap after
{Heap after GC invocations=69 (full 0):
 garbage-first heap   total 393216K, used 138611K [0x0000000080000000, 0x0000000100000000)
  region size 1024K, 9 young (9216K), 9 survivors (9216K)
 Metaspace       used 131225K, committed 131968K, reserved 1179648K
  class space    used 16860K, committed 17216K, reserved 1048576K
}
Event: 37.707 GC heap before
{Heap before GC invocations=69 (full 0):
 garbage-first heap   total 393216K, used 342387K [0x0000000080000000, 0x0000000100000000)
  region size 1024K, 208 young (212992K), 9 survivors (9216K)
 Metaspace       used 131225K, committed 131968K, reserved 1179648K
  class space    used 16860K, committed 17216K, reserved 1048576K
}
Event: 37.713 GC heap after
{Heap after GC invocations=70 (full 0):
 garbage-first heap   total 393216K, used 139695K [0x0000000080000000, 0x0000000100000000)
  region size 1024K, 10 young (10240K), 10 survivors (10240K)
 Metaspace       used 131225K, committed 131968K, reserved 1179648K
  class space    used 16860K, committed 17216K, reserved 1048576K
}
Event: 38.326 GC heap before
{Heap before GC invocations=70 (full 0):
 garbage-first heap   total 393216K, used 341423K [0x0000000080000000, 0x0000000100000000)
  region size 1024K, 207 young (211968K), 10 survivors (10240K)
 Metaspace       used 131225K, committed 131968K, reserved 1179648K
  class space    used 16860K, committed 17216K, reserved 1048576K
}
Event: 38.332 GC heap after
{Heap after GC invocations=71 (full 0):
 garbage-first heap   total 393216K, used 141173K [0x0000000080000000, 0x0000000100000000)
  region size 1024K, 11 young (11264K), 11 survivors (11264K)
 Metaspace       used 131225K, committed 131968K, reserved 1179648K
  class space    used 16860K, committed 17216K, reserved 1048576K
}
Event: 39.124 GC heap before
{Heap before GC invocations=71 (full 0):
 garbage-first heap   total 393216K, used 340853K [0x0000000080000000, 0x0000000100000000)
  region size 1024K, 206 young (210944K), 11 survivors (11264K)
 Metaspace       used 131225K, committed 131968K, reserved 1179648K
  class space    used 16860K, committed 17216K, reserved 1048576K
}
Event: 39.131 GC heap after
{Heap after GC invocations=72 (full 0):
 garbage-first heap   total 393216K, used 141847K [0x0000000080000000, 0x0000000100000000)
  region size 1024K, 12 young (12288K), 12 survivors (12288K)
 Metaspace       used 131225K, committed 131968K, reserved 1179648K
  class space    used 16860K, committed 17216K, reserved 1048576K
}
Event: 39.922 GC heap before
{Heap before GC invocations=72 (full 0):
 garbage-first heap   total 393216K, used 339479K [0x0000000080000000, 0x0000000100000000)
  region size 1024K, 205 young (209920K), 12 survivors (12288K)
 Metaspace       used 131225K, committed 131968K, reserved 1179648K
  class space    used 16860K, committed 17216K, reserved 1048576K
}
Event: 39.930 GC heap after
{Heap after GC invocations=73 (full 0):
 garbage-first heap   total 393216K, used 142923K [0x0000000080000000, 0x0000000100000000)
  region size 1024K, 13 young (13312K), 13 survivors (13312K)
 Metaspace       used 131225K, committed 131968K, reserved 1179648K
  class space    used 16860K, committed 17216K, reserved 1048576K
}
Event: 41.112 GC heap before
{Heap before GC invocations=73 (full 0):
 garbage-first heap   total 393216K, used 318027K [0x0000000080000000, 0x0000000100000000)
  region size 1024K, 171 young (175104K), 13 survivors (13312K)
 Metaspace       used 131389K, committed 132160K, reserved 1179648K
  class space    used 16874K, committed 17216K, reserved 1048576K
}
Event: 41.126 GC heap after
{Heap after GC invocations=74 (full 0):
 garbage-first heap   total 393216K, used 152301K [0x0000000080000000, 0x0000000100000000)
  region size 1024K, 21 young (21504K), 21 survivors (21504K)
 Metaspace       used 131389K, committed 132160K, reserved 1179648K
  class space    used 16874K, committed 17216K, reserved 1048576K
}
Event: 44.380 GC heap before
{Heap before GC invocations=74 (full 0):
 garbage-first heap   total 393216K, used 336621K [0x0000000080000000, 0x0000000100000000)
  region size 1024K, 191 young (195584K), 21 survivors (21504K)
 Metaspace       used 139570K, committed 140416K, reserved 1179648K
  class space    used 17931K, committed 18304K, reserved 1048576K
}
Event: 44.399 GC heap after
{Heap after GC invocations=75 (full 0):
 garbage-first heap   total 393216K, used 167220K [0x0000000080000000, 0x0000000100000000)
  region size 1024K, 9 young (9216K), 9 survivors (9216K)
 Metaspace       used 139570K, committed 140416K, reserved 1179648K
  class space    used 17931K, committed 18304K, reserved 1048576K
}
Event: 48.696 GC heap before
{Heap before GC invocations=75 (full 0):
 garbage-first heap   total 393216K, used 337204K [0x0000000080000000, 0x0000000100000000)
  region size 1024K, 164 young (167936K), 9 survivors (9216K)
 Metaspace       used 150005K, committed 150848K, reserved 1245184K
  class space    used 19339K, committed 19712K, reserved 1048576K
}
Event: 48.710 GC heap after
{Heap after GC invocations=76 (full 0):
 garbage-first heap   total 393216K, used 182409K [0x0000000080000000, 0x0000000100000000)
  region size 1024K, 20 young (20480K), 20 survivors (20480K)
 Metaspace       used 150005K, committed 150848K, reserved 1245184K
  class space    used 19339K, committed 19712K, reserved 1048576K
}
Event: 53.621 GC heap before
{Heap before GC invocations=76 (full 0):
 garbage-first heap   total 393216K, used 324745K [0x0000000080000000, 0x0000000100000000)
  region size 1024K, 159 young (162816K), 20 survivors (20480K)
 Metaspace       used 150715K, committed 151552K, reserved 1245184K
  class space    used 19380K, committed 19776K, reserved 1048576K
}
Event: 53.638 GC heap after
{Heap after GC invocations=77 (full 0):
 garbage-first heap   total 393216K, used 193633K [0x0000000080000000, 0x0000000100000000)
  region size 1024K, 12 young (12288K), 12 survivors (12288K)
 Metaspace       used 150715K, committed 151552K, reserved 1245184K
  class space    used 19380K, committed 19776K, reserved 1048576K
}

